TN:
SF:/Users/james/Documents/flexshopper/machete/lib/index.js
DA:1,1
DA:2,1
DA:3,1
DA:4,1
DA:5,1
DA:6,1
DA:7,1
DA:8,1
DA:9,1
DA:10,1
DA:11,1
DA:12,1
DA:13,1
DA:14,1
DA:15,1
DA:16,1
DA:17,1
DA:18,1
DA:19,1
DA:20,1
DA:21,1
DA:22,1
DA:23,1
DA:24,1
DA:25,1
DA:26,1
DA:27,1
DA:28,1
DA:29,1
DA:30,1
DA:31,1
DA:32,1
DA:33,1
DA:34,1
DA:35,1
DA:36,1
DA:37,1
DA:38,1
DA:39,1
DA:40,1
DA:41,1
DA:42,1
DA:43,1
DA:44,1
DA:45,1
DA:46,1
DA:47,1
DA:48,1
DA:49,1
DA:50,1
DA:51,1
DA:52,1
DA:53,1
DA:54,1
DA:55,1
DA:56,1
DA:57,1
DA:58,1
DA:59,1
DA:60,36
DA:61,1
DA:62,35
DA:63,35
DA:64,1
DA:65,1
DA:66,1
DA:67,35
DA:68,4
DA:69,1
DA:70,1
DA:71,1
DA:72,1
DA:73,2
DA:74,1
DA:75,1
DA:76,1
DA:77,1
DA:78,1
DA:79,31
DA:80,1
DA:81,30
DA:82,1
DA:83,1
DA:84,1
DA:85,2
DA:86,1
DA:87,26
DA:88,1
DA:89,1
DA:90,1
DA:91,1
DA:92,1
DA:93,1
DA:94,1
DA:95,1
DA:96,1
DA:97,14
DA:98,8
DA:99,1
DA:100,1
DA:101,1
DA:102,1
DA:103,14
DA:104,1
DA:105,14
DA:106,3
DA:107,1
DA:108,1
DA:109,14
DA:110,12
DA:111,1
DA:112,1
DA:113,1
DA:114,1
DA:115,1
DA:116,1
DA:117,30
DA:118,1
DA:119,30
DA:120,1
DA:121,30
DA:122,1
DA:123,1
DA:124,30
DA:125,28
DA:126,1
DA:127,1
DA:128,1
DA:129,1
DA:130,28
DA:131,1
DA:132,1
DA:133,3
DA:134,1
DA:135,1
DA:136,1
DA:137,1
DA:138,25
DA:139,1
DA:140,28
DA:141,1
DA:142,1
DA:143,28
DA:144,1
DA:145,3
DA:146,1
DA:147,25
DA:148,1
DA:149,1
DA:150,1
DA:151,30
DA:152,1
DA:153,1
DA:154,14
DA:155,1
DA:156,14
DA:157,1
DA:158,14
DA:159,1
DA:160,14
DA:161,1
DA:162,12
DA:163,1
DA:164,1
DA:165,1
DA:166,1
DA:167,1
DA:168,12
DA:169,1
DA:170,1
DA:171,1
DA:172,1
DA:173,14
DA:174,1
DA:175,1
DA:176,1
DA:177,30
DA:178,1
DA:179,1
DA:180,1
DA:181,1
DA:182,1
DA:183,1
DA:184,6
DA:185,1
DA:186,6
DA:187,6
DA:188,1
DA:189,6
DA:190,6
DA:191,6
DA:192,4
DA:193,1
DA:194,1
DA:195,6
DA:196,5
DA:197,5
DA:198,2
DA:199,1
DA:200,1
DA:201,5
DA:202,1
DA:203,1
DA:204,5
DA:205,1
DA:206,5
DA:207,1
DA:208,30
DA:209,1
DA:210,1
DA:211,1
LF:162
LH:162
end_of_record
