TN:
SF:/Users/james/Documents/flexshopper/machete/index.js
DA:1,1
DA:2,1
DA:3,1
DA:4,1
DA:5,1
DA:6,1
DA:7,1
DA:8,1
DA:9,1
DA:10,1
DA:11,1
DA:12,1
DA:13,1
DA:14,1
DA:15,4
DA:16,1
DA:17,4
DA:18,1
DA:19,1
DA:20,1
DA:21,1
DA:22,1
DA:23,1
DA:24,1
DA:25,1
DA:26,1
DA:27,1
DA:28,1
DA:29,1
LF:23
LH:23
end_of_record
TN:
SF:/Users/james/Documents/flexshopper/machete/lib/index.js
DA:1,1
DA:2,1
DA:3,1
DA:4,1
DA:5,1
DA:6,1
DA:7,1
DA:8,1
DA:9,1
DA:10,1
DA:11,1
DA:12,1
DA:13,1
DA:14,1
DA:15,1
DA:16,1
DA:17,1
DA:18,1
DA:19,1
DA:20,1
DA:21,1
DA:22,1
DA:23,1
DA:24,1
DA:25,1
DA:26,1
DA:27,1
DA:28,1
DA:29,1
DA:30,1
DA:31,1
DA:32,1
DA:33,1
DA:34,1
DA:35,1
DA:36,1
DA:37,1
DA:38,1
DA:39,1
DA:40,1
DA:41,1
DA:42,1
DA:43,1
DA:44,1
DA:45,1
DA:46,1
DA:47,1
DA:48,1
DA:49,1
DA:50,1
DA:51,1
DA:52,1
DA:53,1
DA:54,1
DA:55,1
DA:56,1
DA:57,38
DA:58,1
DA:59,37
DA:60,37
DA:61,1
DA:62,1
DA:63,1
DA:64,37
DA:65,4
DA:66,1
DA:67,1
DA:68,1
DA:69,1
DA:70,2
DA:71,1
DA:72,1
DA:73,1
DA:74,1
DA:75,1
DA:76,33
DA:77,1
DA:78,32
DA:79,1
DA:80,1
DA:81,1
DA:82,2
DA:83,1
DA:84,28
DA:85,1
DA:86,1
DA:87,1
DA:88,1
DA:89,1
DA:90,1
DA:91,1
DA:92,1
DA:93,1
DA:94,15
DA:95,9
DA:96,1
DA:97,1
DA:98,1
DA:99,1
DA:100,15
DA:101,1
DA:102,15
DA:103,4
DA:104,1
DA:105,1
DA:106,15
DA:107,13
DA:108,1
DA:109,1
DA:110,1
DA:111,1
DA:112,1
DA:113,1
DA:114,32
DA:115,1
DA:116,32
DA:117,1
DA:118,32
DA:119,1
DA:120,32
DA:121,1
DA:122,1
DA:123,28
DA:124,1
DA:125,1
DA:126,1
DA:127,1
DA:128,1
DA:129,28
DA:130,1
DA:131,1
DA:132,3
DA:133,1
DA:134,1
DA:135,1
DA:136,1
DA:137,25
DA:138,1
DA:139,28
DA:140,1
DA:141,1
DA:142,1
DA:143,28
DA:144,1
DA:145,3
DA:146,1
DA:147,25
DA:148,1
DA:149,1
DA:150,1
DA:151,32
DA:152,1
DA:153,1
DA:154,15
DA:155,1
DA:156,1
DA:157,15
DA:158,1
DA:159,15
DA:160,15
DA:161,1
DA:162,13
DA:163,1
DA:164,1
DA:165,1
DA:166,1
DA:167,1
DA:168,13
DA:169,1
DA:170,1
DA:171,1
DA:172,1
DA:173,15
DA:174,1
DA:175,1
DA:176,1
DA:177,32
DA:178,1
DA:179,1
DA:180,1
DA:181,1
DA:182,1
DA:183,1
DA:184,6
DA:185,1
DA:186,6
DA:187,6
DA:188,1
DA:189,6
DA:190,6
DA:191,6
DA:192,4
DA:193,1
DA:194,1
DA:195,6
DA:196,5
DA:197,5
DA:198,2
DA:199,1
DA:200,1
DA:201,5
DA:202,1
DA:203,1
DA:204,5
DA:205,1
DA:206,5
DA:207,1
DA:208,32
DA:209,1
DA:210,1
DA:211,1
LF:162
LH:162
end_of_record
